[1.027s] DEBUG:colcon:Command line arguments: ['/usr/bin/colcon', 'build', '--packages-select', 'odometry1']
[1.028s] DEBUG:colcon:Parsed command line arguments: Namespace(log_base=None, log_level=None, verb_name='build', build_base='build', install_base='install', merge_install=False, symlink_install=False, test_result_base=None, continue_on_error=False, executor='parallel', parallel_workers=4, event_handlers=None, ignore_user_meta=False, metas=['./colcon.meta'], base_paths=['.'], packages_ignore=None, packages_ignore_regex=None, paths=None, packages_up_to=None, packages_up_to_regex=None, packages_above=None, packages_above_and_dependencies=None, packages_above_depth=None, packages_select_by_dep=None, packages_skip_by_dep=None, packages_skip_up_to=None, packages_select_build_failed=False, packages_skip_build_finished=False, packages_select_test_failures=False, packages_skip_test_passed=False, packages_select=['odometry1'], packages_skip=None, packages_select_regex=None, packages_skip_regex=None, packages_start=None, packages_end=None, allow_overriding=[], cmake_args=None, cmake_target=None, cmake_target_skip_unavailable=False, cmake_clean_cache=False, cmake_clean_first=False, cmake_force_configure=False, ament_cmake_args=None, catkin_cmake_args=None, catkin_skip_building_tests=False, verb_parser=<colcon_defaults.argument_parser.defaults.DefaultArgumentsDecorator object at 0xffffb36f8790>, verb_extension=<colcon_core.verb.build.BuildVerb object at 0xffffb3831c60>, main=<bound method BuildVerb.main of <colcon_core.verb.build.BuildVerb object at 0xffffb3831c60>>)
[5.170s] Level 1:colcon.colcon_core.package_discovery:discover_packages(colcon_meta) check parameters
[5.173s] Level 1:colcon.colcon_core.package_discovery:discover_packages(recursive) check parameters
[5.173s] Level 1:colcon.colcon_core.package_discovery:discover_packages(ignore) check parameters
[5.173s] Level 1:colcon.colcon_core.package_discovery:discover_packages(path) check parameters
[5.173s] Level 1:colcon.colcon_core.package_discovery:discover_packages(colcon_meta) discover
[5.174s] Level 1:colcon.colcon_core.package_discovery:discover_packages(recursive) discover
[5.175s] INFO:colcon.colcon_core.package_discovery:Crawling recursively for packages in '/home/robot/ros2_ws/src/telerobot/odometry1/src'
[5.176s] Level 1:colcon.colcon_core.package_identification:_identify(.) by extensions ['ignore', 'ignore_ament_install']
[5.177s] Level 1:colcon.colcon_core.package_identification:_identify(.) by extension 'ignore'
[5.177s] Level 1:colcon.colcon_core.package_identification:_identify(.) by extension 'ignore_ament_install'
[5.178s] Level 1:colcon.colcon_core.package_identification:_identify(.) by extensions ['colcon_pkg']
[5.179s] Level 1:colcon.colcon_core.package_identification:_identify(.) by extension 'colcon_pkg'
[5.179s] Level 1:colcon.colcon_core.package_identification:_identify(.) by extensions ['colcon_meta']
[5.180s] Level 1:colcon.colcon_core.package_identification:_identify(.) by extension 'colcon_meta'
[5.180s] Level 1:colcon.colcon_core.package_identification:_identify(.) by extensions ['ros']
[5.180s] Level 1:colcon.colcon_core.package_identification:_identify(.) by extension 'ros'
[5.308s] Level 1:colcon.colcon_core.package_identification:_identify(.) by extensions ['cmake', 'python']
[5.308s] Level 1:colcon.colcon_core.package_identification:_identify(.) by extension 'cmake'
[5.309s] Level 1:colcon.colcon_core.package_identification:_identify(.) by extension 'python'
[5.309s] Level 1:colcon.colcon_core.package_identification:_identify(.) by extensions ['python_setup_py']
[5.309s] Level 1:colcon.colcon_core.package_identification:_identify(.) by extension 'python_setup_py'
[5.310s] Level 1:colcon.colcon_core.package_identification:_identify(build) by extensions ['ignore', 'ignore_ament_install']
[5.311s] Level 1:colcon.colcon_core.package_identification:_identify(build) by extension 'ignore'
[5.311s] Level 1:colcon.colcon_core.package_identification:_identify(build) ignored
[5.312s] Level 1:colcon.colcon_core.package_identification:_identify(install) by extensions ['ignore', 'ignore_ament_install']
[5.313s] Level 1:colcon.colcon_core.package_identification:_identify(install) by extension 'ignore'
[5.313s] Level 1:colcon.colcon_core.package_identification:_identify(install) ignored
[5.314s] Level 1:colcon.colcon_core.package_identification:_identify(log) by extensions ['ignore', 'ignore_ament_install']
[5.315s] Level 1:colcon.colcon_core.package_identification:_identify(log) by extension 'ignore'
[5.315s] Level 1:colcon.colcon_core.package_identification:_identify(log) ignored
[5.316s] Level 1:colcon.colcon_core.package_discovery:discover_packages(recursive) using defaults
[5.316s] Level 1:colcon.colcon_core.package_discovery:discover_packages(ignore) discover
[5.316s] Level 1:colcon.colcon_core.package_discovery:discover_packages(ignore) using defaults
[5.316s] Level 1:colcon.colcon_core.package_discovery:discover_packages(path) discover
[5.316s] Level 1:colcon.colcon_core.package_discovery:discover_packages(path) using defaults
[5.317s] WARNING:colcon.colcon_core.package_selection:ignoring unknown package 'odometry1' in --packages-select
[5.576s] Level 1:colcon.colcon_core.package_discovery:discover_packages(prefix_path) check parameters
[5.577s] Level 1:colcon.colcon_core.package_discovery:discover_packages(prefix_path) discover
[5.643s] DEBUG:colcon.colcon_installed_package_information.package_discovery:Found 18 installed packages in /home/robot/ros2_ws/install
[5.662s] DEBUG:colcon.colcon_installed_package_information.package_discovery:Found 290 installed packages in /opt/ros/humble
[5.671s] Level 1:colcon.colcon_core.package_discovery:discover_packages(prefix_path) using defaults
[6.340s] INFO:colcon.colcon_core.executor:Executing jobs using 'parallel' executor
[6.345s] DEBUG:colcon.colcon_parallel_executor.executor.parallel:run_until_complete
[6.345s] DEBUG:colcon.colcon_parallel_executor.executor.parallel:closing loop
[6.346s] DEBUG:colcon.colcon_parallel_executor.executor.parallel:loop closed
[6.347s] DEBUG:colcon.colcon_parallel_executor.executor.parallel:run_until_complete finished with '0'
[6.347s] DEBUG:colcon.colcon_core.event_reactor:joining thread
[6.431s] INFO:colcon.colcon_core.plugin_system:Skipping extension 'colcon_notification.desktop_notification.terminal_notifier': Not used on non-Darwin systems
[6.432s] INFO:colcon.colcon_core.plugin_system:Skipping extension 'colcon_notification.desktop_notification.win32': Not used on non-Windows systems
[6.433s] INFO:colcon.colcon_notification.desktop_notification:Sending desktop notification using 'notify2'
[6.442s] DEBUG:colcon.colcon_notification.desktop_notification.notify2:Failed to initialize notify2: org.freedesktop.DBus.Error.ServiceUnknown: The name org.freedesktop.Notifications was not provided by any .service files
[6.443s] DEBUG:colcon.colcon_core.event_reactor:joined thread
[6.473s] INFO:colcon.colcon_core.plugin_system:Skipping extension 'colcon_core.shell.bat': Not used on non-Windows systems
[6.474s] INFO:colcon.colcon_core.shell:Creating prefix script '/home/robot/ros2_ws/src/telerobot/odometry1/src/install/local_setup.ps1'
[6.480s] INFO:colcon.colcon_core.shell:Creating prefix util module '/home/robot/ros2_ws/src/telerobot/odometry1/src/install/_local_setup_util_ps1.py'
[6.486s] INFO:colcon.colcon_core.shell:Creating prefix chain script '/home/robot/ros2_ws/src/telerobot/odometry1/src/install/setup.ps1'
[6.498s] INFO:colcon.colcon_core.shell:Creating prefix script '/home/robot/ros2_ws/src/telerobot/odometry1/src/install/local_setup.sh'
[6.501s] INFO:colcon.colcon_core.shell:Creating prefix util module '/home/robot/ros2_ws/src/telerobot/odometry1/src/install/_local_setup_util_sh.py'
[6.503s] INFO:colcon.colcon_core.shell:Creating prefix chain script '/home/robot/ros2_ws/src/telerobot/odometry1/src/install/setup.sh'
[6.514s] INFO:colcon.colcon_core.shell:Creating prefix script '/home/robot/ros2_ws/src/telerobot/odometry1/src/install/local_setup.bash'
[6.517s] INFO:colcon.colcon_core.shell:Creating prefix chain script '/home/robot/ros2_ws/src/telerobot/odometry1/src/install/setup.bash'
[6.528s] INFO:colcon.colcon_core.shell:Creating prefix script '/home/robot/ros2_ws/src/telerobot/odometry1/src/install/local_setup.zsh'
[6.532s] INFO:colcon.colcon_core.shell:Creating prefix chain script '/home/robot/ros2_ws/src/telerobot/odometry1/src/install/setup.zsh'
